<?xml version="1.0" encoding="UTF-8"?>
<Site BuildName="(empty)"
	BuildStamp="20250710-1205-Experimental"
	Name="(empty)"
	Generator="ctest-4.0.3-dirty"
	CompilerName=""
	CompilerVersion=""
	OSName="Linux"
	Hostname="NEWYORK"
	OSRelease="6.14.0-rt3-arch1-1-rt"
	OSVersion="#1 SMP PREEMPT_RT Wed, 21 May 2025 13:21:26 +0000"
	OSPlatform="x86_64"
	Is64Bits="1"
	VendorString="GenuineIntel"
	VendorID="Intel Corporation"
	FamilyID="6"
	ModelID="154"
	ModelName="12th Gen Intel(R) Core(TM) i3-1215U"
	ProcessorCacheSize="10240"
	NumberOfLogicalCPU="8"
	NumberOfPhysicalCPU="6"
	TotalVirtualMemory="0"
	TotalPhysicalMemory="7647"
	LogicalProcessorsPerPhysical="1"
	ProcessorClockFrequency="4400.07"
	>
	<Testing>
		<StartDateTime>Jul 10 17:56 IST</StartDateTime>
		<StartTestTime>1752150367</StartTestTime>
		<TestList/>
		<EndDateTime>Jul 10 17:56 IST</EndDateTime>
		<EndTestTime>1752150367</EndTestTime>
		<ElapsedMinutes>0</ElapsedMinutes>
	</Testing>
</Site>
